[2026-04-02T18:27:25.444+0000] {processor.py:161} INFO - Started process (PID=19753) to work on /opt/airflow/dags/daily_receipts_etl_dag.py
[2026-04-02T18:27:25.445+0000] {processor.py:830} INFO - Processing file /opt/airflow/dags/daily_receipts_etl_dag.py for tasks to queue
[2026-04-02T18:27:25.445+0000] {logging_mixin.py:188} INFO - [2026-04-02T18:27:25.445+0000] {dagbag.py:538} INFO - Filling up the DagBag from /opt/airflow/dags/daily_receipts_etl_dag.py
[2026-04-02T18:27:25.447+0000] {logging_mixin.py:188} INFO - [2026-04-02T18:27:25.447+0000] {dagbag.py:348} ERROR - Failed to import: /opt/airflow/dags/daily_receipts_etl_dag.py
Traceback (most recent call last):
  File "/home/airflow/.local/lib/python3.8/site-packages/airflow/models/dagbag.py", line 344, in parse
    loader.exec_module(new_module)
  File "<frozen importlib._bootstrap_external>", line 839, in exec_module
  File "<frozen importlib._bootstrap_external>", line 976, in get_code
  File "<frozen importlib._bootstrap_external>", line 906, in source_to_code
  File "<frozen importlib._bootstrap>", line 219, in _call_with_frames_removed
  File "/opt/airflow/dags/daily_receipts_etl_dag.py", line 20
    
    ^
SyntaxError: unexpected EOF while parsing
[2026-04-02T18:27:25.447+0000] {processor.py:842} WARNING - No viable dags retrieved from /opt/airflow/dags/daily_receipts_etl_dag.py
[2026-04-02T18:27:25.456+0000] {processor.py:183} INFO - Processing /opt/airflow/dags/daily_receipts_etl_dag.py took 0.013 seconds
[2026-04-02T18:27:55.864+0000] {processor.py:161} INFO - Started process (PID=19809) to work on /opt/airflow/dags/daily_receipts_etl_dag.py
[2026-04-02T18:27:55.865+0000] {processor.py:830} INFO - Processing file /opt/airflow/dags/daily_receipts_etl_dag.py for tasks to queue
[2026-04-02T18:27:55.867+0000] {logging_mixin.py:188} INFO - [2026-04-02T18:27:55.866+0000] {dagbag.py:538} INFO - Filling up the DagBag from /opt/airflow/dags/daily_receipts_etl_dag.py
[2026-04-02T18:27:55.870+0000] {logging_mixin.py:188} INFO - [2026-04-02T18:27:55.869+0000] {dagbag.py:348} ERROR - Failed to import: /opt/airflow/dags/daily_receipts_etl_dag.py
Traceback (most recent call last):
  File "/home/airflow/.local/lib/python3.8/site-packages/airflow/models/dagbag.py", line 344, in parse
    loader.exec_module(new_module)
  File "<frozen importlib._bootstrap_external>", line 839, in exec_module
  File "<frozen importlib._bootstrap_external>", line 976, in get_code
  File "<frozen importlib._bootstrap_external>", line 906, in source_to_code
  File "<frozen importlib._bootstrap>", line 219, in _call_with_frames_removed
  File "/opt/airflow/dags/daily_receipts_etl_dag.py", line 20
    
    ^
SyntaxError: unexpected EOF while parsing
[2026-04-02T18:27:55.870+0000] {processor.py:842} WARNING - No viable dags retrieved from /opt/airflow/dags/daily_receipts_etl_dag.py
[2026-04-02T18:27:55.883+0000] {processor.py:183} INFO - Processing /opt/airflow/dags/daily_receipts_etl_dag.py took 0.021 seconds
[2026-04-02T18:28:26.098+0000] {processor.py:161} INFO - Started process (PID=19865) to work on /opt/airflow/dags/daily_receipts_etl_dag.py
[2026-04-02T18:28:26.099+0000] {processor.py:830} INFO - Processing file /opt/airflow/dags/daily_receipts_etl_dag.py for tasks to queue
[2026-04-02T18:28:26.101+0000] {logging_mixin.py:188} INFO - [2026-04-02T18:28:26.100+0000] {dagbag.py:538} INFO - Filling up the DagBag from /opt/airflow/dags/daily_receipts_etl_dag.py
[2026-04-02T18:28:26.104+0000] {logging_mixin.py:188} INFO - [2026-04-02T18:28:26.103+0000] {dagbag.py:348} ERROR - Failed to import: /opt/airflow/dags/daily_receipts_etl_dag.py
Traceback (most recent call last):
  File "/home/airflow/.local/lib/python3.8/site-packages/airflow/models/dagbag.py", line 344, in parse
    loader.exec_module(new_module)
  File "<frozen importlib._bootstrap_external>", line 839, in exec_module
  File "<frozen importlib._bootstrap_external>", line 976, in get_code
  File "<frozen importlib._bootstrap_external>", line 906, in source_to_code
  File "<frozen importlib._bootstrap>", line 219, in _call_with_frames_removed
  File "/opt/airflow/dags/daily_receipts_etl_dag.py", line 20
    
    ^
SyntaxError: unexpected EOF while parsing
[2026-04-02T18:28:26.104+0000] {processor.py:842} WARNING - No viable dags retrieved from /opt/airflow/dags/daily_receipts_etl_dag.py
[2026-04-02T18:28:26.117+0000] {processor.py:183} INFO - Processing /opt/airflow/dags/daily_receipts_etl_dag.py took 0.022 seconds
[2026-04-02T18:28:56.418+0000] {processor.py:161} INFO - Started process (PID=19920) to work on /opt/airflow/dags/daily_receipts_etl_dag.py
[2026-04-02T18:28:56.420+0000] {processor.py:830} INFO - Processing file /opt/airflow/dags/daily_receipts_etl_dag.py for tasks to queue
[2026-04-02T18:28:56.421+0000] {logging_mixin.py:188} INFO - [2026-04-02T18:28:56.421+0000] {dagbag.py:538} INFO - Filling up the DagBag from /opt/airflow/dags/daily_receipts_etl_dag.py
[2026-04-02T18:28:56.423+0000] {logging_mixin.py:188} INFO - [2026-04-02T18:28:56.423+0000] {dagbag.py:348} ERROR - Failed to import: /opt/airflow/dags/daily_receipts_etl_dag.py
Traceback (most recent call last):
  File "/home/airflow/.local/lib/python3.8/site-packages/airflow/models/dagbag.py", line 344, in parse
    loader.exec_module(new_module)
  File "<frozen importlib._bootstrap_external>", line 839, in exec_module
  File "<frozen importlib._bootstrap_external>", line 976, in get_code
  File "<frozen importlib._bootstrap_external>", line 906, in source_to_code
  File "<frozen importlib._bootstrap>", line 219, in _call_with_frames_removed
  File "/opt/airflow/dags/daily_receipts_etl_dag.py", line 20
    
    ^
SyntaxError: unexpected EOF while parsing
[2026-04-02T18:28:56.424+0000] {processor.py:842} WARNING - No viable dags retrieved from /opt/airflow/dags/daily_receipts_etl_dag.py
[2026-04-02T18:28:56.434+0000] {processor.py:183} INFO - Processing /opt/airflow/dags/daily_receipts_etl_dag.py took 0.019 seconds
[2026-04-02T18:29:26.773+0000] {processor.py:161} INFO - Started process (PID=19976) to work on /opt/airflow/dags/daily_receipts_etl_dag.py
[2026-04-02T18:29:26.774+0000] {processor.py:830} INFO - Processing file /opt/airflow/dags/daily_receipts_etl_dag.py for tasks to queue
[2026-04-02T18:29:26.775+0000] {logging_mixin.py:188} INFO - [2026-04-02T18:29:26.775+0000] {dagbag.py:538} INFO - Filling up the DagBag from /opt/airflow/dags/daily_receipts_etl_dag.py
[2026-04-02T18:29:26.778+0000] {logging_mixin.py:188} INFO - [2026-04-02T18:29:26.777+0000] {dagbag.py:348} ERROR - Failed to import: /opt/airflow/dags/daily_receipts_etl_dag.py
Traceback (most recent call last):
  File "/home/airflow/.local/lib/python3.8/site-packages/airflow/models/dagbag.py", line 344, in parse
    loader.exec_module(new_module)
  File "<frozen importlib._bootstrap_external>", line 839, in exec_module
  File "<frozen importlib._bootstrap_external>", line 976, in get_code
  File "<frozen importlib._bootstrap_external>", line 906, in source_to_code
  File "<frozen importlib._bootstrap>", line 219, in _call_with_frames_removed
  File "/opt/airflow/dags/daily_receipts_etl_dag.py", line 20
    
    ^
SyntaxError: unexpected EOF while parsing
[2026-04-02T18:29:26.778+0000] {processor.py:842} WARNING - No viable dags retrieved from /opt/airflow/dags/daily_receipts_etl_dag.py
[2026-04-02T18:29:26.789+0000] {processor.py:183} INFO - Processing /opt/airflow/dags/daily_receipts_etl_dag.py took 0.018 seconds
[2026-04-02T18:29:45.973+0000] {processor.py:161} INFO - Started process (PID=19982) to work on /opt/airflow/dags/daily_receipts_etl_dag.py
[2026-04-02T18:29:45.975+0000] {processor.py:830} INFO - Processing file /opt/airflow/dags/daily_receipts_etl_dag.py for tasks to queue
[2026-04-02T18:29:45.977+0000] {logging_mixin.py:188} INFO - [2026-04-02T18:29:45.976+0000] {dagbag.py:538} INFO - Filling up the DagBag from /opt/airflow/dags/daily_receipts_etl_dag.py
[2026-04-02T18:29:45.979+0000] {logging_mixin.py:188} INFO - [2026-04-02T18:29:45.979+0000] {dagbag.py:348} ERROR - Failed to import: /opt/airflow/dags/daily_receipts_etl_dag.py
Traceback (most recent call last):
  File "/home/airflow/.local/lib/python3.8/site-packages/airflow/models/dagbag.py", line 344, in parse
    loader.exec_module(new_module)
  File "<frozen importlib._bootstrap_external>", line 839, in exec_module
  File "<frozen importlib._bootstrap_external>", line 976, in get_code
  File "<frozen importlib._bootstrap_external>", line 906, in source_to_code
  File "<frozen importlib._bootstrap>", line 219, in _call_with_frames_removed
  File "/opt/airflow/dags/daily_receipts_etl_dag.py", line 21
    generate_data = BashOperator (
    ^
IndentationError: expected an indented block
[2026-04-02T18:29:45.979+0000] {processor.py:842} WARNING - No viable dags retrieved from /opt/airflow/dags/daily_receipts_etl_dag.py
[2026-04-02T18:29:45.990+0000] {processor.py:183} INFO - Processing /opt/airflow/dags/daily_receipts_etl_dag.py took 0.020 seconds
[2026-04-02T18:30:16.333+0000] {processor.py:161} INFO - Started process (PID=20038) to work on /opt/airflow/dags/daily_receipts_etl_dag.py
[2026-04-02T18:30:16.334+0000] {processor.py:830} INFO - Processing file /opt/airflow/dags/daily_receipts_etl_dag.py for tasks to queue
[2026-04-02T18:30:16.336+0000] {logging_mixin.py:188} INFO - [2026-04-02T18:30:16.335+0000] {dagbag.py:538} INFO - Filling up the DagBag from /opt/airflow/dags/daily_receipts_etl_dag.py
[2026-04-02T18:30:16.339+0000] {logging_mixin.py:188} INFO - [2026-04-02T18:30:16.339+0000] {dagbag.py:348} ERROR - Failed to import: /opt/airflow/dags/daily_receipts_etl_dag.py
Traceback (most recent call last):
  File "/home/airflow/.local/lib/python3.8/site-packages/airflow/models/dagbag.py", line 344, in parse
    loader.exec_module(new_module)
  File "<frozen importlib._bootstrap_external>", line 839, in exec_module
  File "<frozen importlib._bootstrap_external>", line 976, in get_code
  File "<frozen importlib._bootstrap_external>", line 906, in source_to_code
  File "<frozen importlib._bootstrap>", line 219, in _call_with_frames_removed
  File "/opt/airflow/dags/daily_receipts_etl_dag.py", line 21
    generate_data = BashOperator (
    ^
IndentationError: expected an indented block
[2026-04-02T18:30:16.340+0000] {processor.py:842} WARNING - No viable dags retrieved from /opt/airflow/dags/daily_receipts_etl_dag.py
[2026-04-02T18:30:16.351+0000] {processor.py:183} INFO - Processing /opt/airflow/dags/daily_receipts_etl_dag.py took 0.021 seconds
[2026-04-02T18:30:46.842+0000] {processor.py:161} INFO - Started process (PID=20094) to work on /opt/airflow/dags/daily_receipts_etl_dag.py
[2026-04-02T18:30:46.843+0000] {processor.py:830} INFO - Processing file /opt/airflow/dags/daily_receipts_etl_dag.py for tasks to queue
[2026-04-02T18:30:46.845+0000] {logging_mixin.py:188} INFO - [2026-04-02T18:30:46.844+0000] {dagbag.py:538} INFO - Filling up the DagBag from /opt/airflow/dags/daily_receipts_etl_dag.py
[2026-04-02T18:30:46.848+0000] {logging_mixin.py:188} INFO - [2026-04-02T18:30:46.847+0000] {dagbag.py:348} ERROR - Failed to import: /opt/airflow/dags/daily_receipts_etl_dag.py
Traceback (most recent call last):
  File "/home/airflow/.local/lib/python3.8/site-packages/airflow/models/dagbag.py", line 344, in parse
    loader.exec_module(new_module)
  File "<frozen importlib._bootstrap_external>", line 839, in exec_module
  File "<frozen importlib._bootstrap_external>", line 976, in get_code
  File "<frozen importlib._bootstrap_external>", line 906, in source_to_code
  File "<frozen importlib._bootstrap>", line 219, in _call_with_frames_removed
  File "/opt/airflow/dags/daily_receipts_etl_dag.py", line 21
    generate_data = BashOperator (
    ^
IndentationError: expected an indented block
[2026-04-02T18:30:46.848+0000] {processor.py:842} WARNING - No viable dags retrieved from /opt/airflow/dags/daily_receipts_etl_dag.py
[2026-04-02T18:30:46.858+0000] {processor.py:183} INFO - Processing /opt/airflow/dags/daily_receipts_etl_dag.py took 0.019 seconds
[2026-04-02T18:31:17.235+0000] {processor.py:161} INFO - Started process (PID=20150) to work on /opt/airflow/dags/daily_receipts_etl_dag.py
[2026-04-02T18:31:17.237+0000] {processor.py:830} INFO - Processing file /opt/airflow/dags/daily_receipts_etl_dag.py for tasks to queue
[2026-04-02T18:31:17.239+0000] {logging_mixin.py:188} INFO - [2026-04-02T18:31:17.239+0000] {dagbag.py:538} INFO - Filling up the DagBag from /opt/airflow/dags/daily_receipts_etl_dag.py
[2026-04-02T18:31:17.243+0000] {logging_mixin.py:188} INFO - [2026-04-02T18:31:17.242+0000] {dagbag.py:348} ERROR - Failed to import: /opt/airflow/dags/daily_receipts_etl_dag.py
Traceback (most recent call last):
  File "/home/airflow/.local/lib/python3.8/site-packages/airflow/models/dagbag.py", line 344, in parse
    loader.exec_module(new_module)
  File "<frozen importlib._bootstrap_external>", line 839, in exec_module
  File "<frozen importlib._bootstrap_external>", line 976, in get_code
  File "<frozen importlib._bootstrap_external>", line 906, in source_to_code
  File "<frozen importlib._bootstrap>", line 219, in _call_with_frames_removed
  File "/opt/airflow/dags/daily_receipts_etl_dag.py", line 21
    generate_data = BashOperator (
    ^
IndentationError: expected an indented block
[2026-04-02T18:31:17.243+0000] {processor.py:842} WARNING - No viable dags retrieved from /opt/airflow/dags/daily_receipts_etl_dag.py
[2026-04-02T18:31:17.252+0000] {processor.py:183} INFO - Processing /opt/airflow/dags/daily_receipts_etl_dag.py took 0.019 seconds
[2026-04-02T18:31:47.605+0000] {processor.py:161} INFO - Started process (PID=20206) to work on /opt/airflow/dags/daily_receipts_etl_dag.py
[2026-04-02T18:31:47.606+0000] {processor.py:830} INFO - Processing file /opt/airflow/dags/daily_receipts_etl_dag.py for tasks to queue
[2026-04-02T18:31:47.608+0000] {logging_mixin.py:188} INFO - [2026-04-02T18:31:47.608+0000] {dagbag.py:538} INFO - Filling up the DagBag from /opt/airflow/dags/daily_receipts_etl_dag.py
[2026-04-02T18:31:47.611+0000] {logging_mixin.py:188} INFO - [2026-04-02T18:31:47.610+0000] {dagbag.py:348} ERROR - Failed to import: /opt/airflow/dags/daily_receipts_etl_dag.py
Traceback (most recent call last):
  File "/home/airflow/.local/lib/python3.8/site-packages/airflow/models/dagbag.py", line 344, in parse
    loader.exec_module(new_module)
  File "<frozen importlib._bootstrap_external>", line 839, in exec_module
  File "<frozen importlib._bootstrap_external>", line 976, in get_code
  File "<frozen importlib._bootstrap_external>", line 906, in source_to_code
  File "<frozen importlib._bootstrap>", line 219, in _call_with_frames_removed
  File "/opt/airflow/dags/daily_receipts_etl_dag.py", line 21
    generate_data = BashOperator (
    ^
IndentationError: expected an indented block
[2026-04-02T18:31:47.611+0000] {processor.py:842} WARNING - No viable dags retrieved from /opt/airflow/dags/daily_receipts_etl_dag.py
[2026-04-02T18:31:47.621+0000] {processor.py:183} INFO - Processing /opt/airflow/dags/daily_receipts_etl_dag.py took 0.018 seconds
[2026-04-02T18:32:18.064+0000] {processor.py:161} INFO - Started process (PID=20262) to work on /opt/airflow/dags/daily_receipts_etl_dag.py
[2026-04-02T18:32:18.065+0000] {processor.py:830} INFO - Processing file /opt/airflow/dags/daily_receipts_etl_dag.py for tasks to queue
[2026-04-02T18:32:18.066+0000] {logging_mixin.py:188} INFO - [2026-04-02T18:32:18.066+0000] {dagbag.py:538} INFO - Filling up the DagBag from /opt/airflow/dags/daily_receipts_etl_dag.py
[2026-04-02T18:32:18.069+0000] {logging_mixin.py:188} INFO - [2026-04-02T18:32:18.069+0000] {dagbag.py:348} ERROR - Failed to import: /opt/airflow/dags/daily_receipts_etl_dag.py
Traceback (most recent call last):
  File "/home/airflow/.local/lib/python3.8/site-packages/airflow/models/dagbag.py", line 344, in parse
    loader.exec_module(new_module)
  File "<frozen importlib._bootstrap_external>", line 839, in exec_module
  File "<frozen importlib._bootstrap_external>", line 976, in get_code
  File "<frozen importlib._bootstrap_external>", line 906, in source_to_code
  File "<frozen importlib._bootstrap>", line 219, in _call_with_frames_removed
  File "/opt/airflow/dags/daily_receipts_etl_dag.py", line 21
    generate_data = BashOperator (
    ^
IndentationError: expected an indented block
[2026-04-02T18:32:18.069+0000] {processor.py:842} WARNING - No viable dags retrieved from /opt/airflow/dags/daily_receipts_etl_dag.py
[2026-04-02T18:32:18.080+0000] {processor.py:183} INFO - Processing /opt/airflow/dags/daily_receipts_etl_dag.py took 0.018 seconds
[2026-04-02T18:32:48.435+0000] {processor.py:161} INFO - Started process (PID=20318) to work on /opt/airflow/dags/daily_receipts_etl_dag.py
[2026-04-02T18:32:48.436+0000] {processor.py:830} INFO - Processing file /opt/airflow/dags/daily_receipts_etl_dag.py for tasks to queue
[2026-04-02T18:32:48.438+0000] {logging_mixin.py:188} INFO - [2026-04-02T18:32:48.438+0000] {dagbag.py:538} INFO - Filling up the DagBag from /opt/airflow/dags/daily_receipts_etl_dag.py
[2026-04-02T18:32:48.441+0000] {logging_mixin.py:188} INFO - [2026-04-02T18:32:48.440+0000] {dagbag.py:348} ERROR - Failed to import: /opt/airflow/dags/daily_receipts_etl_dag.py
Traceback (most recent call last):
  File "/home/airflow/.local/lib/python3.8/site-packages/airflow/models/dagbag.py", line 344, in parse
    loader.exec_module(new_module)
  File "<frozen importlib._bootstrap_external>", line 839, in exec_module
  File "<frozen importlib._bootstrap_external>", line 976, in get_code
  File "<frozen importlib._bootstrap_external>", line 906, in source_to_code
  File "<frozen importlib._bootstrap>", line 219, in _call_with_frames_removed
  File "/opt/airflow/dags/daily_receipts_etl_dag.py", line 21
    generate_data = BashOperator (
    ^
IndentationError: expected an indented block
[2026-04-02T18:32:48.441+0000] {processor.py:842} WARNING - No viable dags retrieved from /opt/airflow/dags/daily_receipts_etl_dag.py
[2026-04-02T18:32:48.452+0000] {processor.py:183} INFO - Processing /opt/airflow/dags/daily_receipts_etl_dag.py took 0.020 seconds
[2026-04-02T18:33:18.874+0000] {processor.py:161} INFO - Started process (PID=20374) to work on /opt/airflow/dags/daily_receipts_etl_dag.py
[2026-04-02T18:33:18.875+0000] {processor.py:830} INFO - Processing file /opt/airflow/dags/daily_receipts_etl_dag.py for tasks to queue
[2026-04-02T18:33:18.876+0000] {logging_mixin.py:188} INFO - [2026-04-02T18:33:18.876+0000] {dagbag.py:538} INFO - Filling up the DagBag from /opt/airflow/dags/daily_receipts_etl_dag.py
[2026-04-02T18:33:18.879+0000] {logging_mixin.py:188} INFO - [2026-04-02T18:33:18.879+0000] {dagbag.py:348} ERROR - Failed to import: /opt/airflow/dags/daily_receipts_etl_dag.py
Traceback (most recent call last):
  File "/home/airflow/.local/lib/python3.8/site-packages/airflow/models/dagbag.py", line 344, in parse
    loader.exec_module(new_module)
  File "<frozen importlib._bootstrap_external>", line 839, in exec_module
  File "<frozen importlib._bootstrap_external>", line 976, in get_code
  File "<frozen importlib._bootstrap_external>", line 906, in source_to_code
  File "<frozen importlib._bootstrap>", line 219, in _call_with_frames_removed
  File "/opt/airflow/dags/daily_receipts_etl_dag.py", line 21
    generate_data = BashOperator (
    ^
IndentationError: expected an indented block
[2026-04-02T18:33:18.879+0000] {processor.py:842} WARNING - No viable dags retrieved from /opt/airflow/dags/daily_receipts_etl_dag.py
[2026-04-02T18:33:18.889+0000] {processor.py:183} INFO - Processing /opt/airflow/dags/daily_receipts_etl_dag.py took 0.019 seconds
[2026-04-02T18:33:49.248+0000] {processor.py:161} INFO - Started process (PID=20431) to work on /opt/airflow/dags/daily_receipts_etl_dag.py
[2026-04-02T18:33:49.249+0000] {processor.py:830} INFO - Processing file /opt/airflow/dags/daily_receipts_etl_dag.py for tasks to queue
[2026-04-02T18:33:49.251+0000] {logging_mixin.py:188} INFO - [2026-04-02T18:33:49.250+0000] {dagbag.py:538} INFO - Filling up the DagBag from /opt/airflow/dags/daily_receipts_etl_dag.py
[2026-04-02T18:33:49.254+0000] {logging_mixin.py:188} INFO - [2026-04-02T18:33:49.253+0000] {dagbag.py:348} ERROR - Failed to import: /opt/airflow/dags/daily_receipts_etl_dag.py
Traceback (most recent call last):
  File "/home/airflow/.local/lib/python3.8/site-packages/airflow/models/dagbag.py", line 344, in parse
    loader.exec_module(new_module)
  File "<frozen importlib._bootstrap_external>", line 839, in exec_module
  File "<frozen importlib._bootstrap_external>", line 976, in get_code
  File "<frozen importlib._bootstrap_external>", line 906, in source_to_code
  File "<frozen importlib._bootstrap>", line 219, in _call_with_frames_removed
  File "/opt/airflow/dags/daily_receipts_etl_dag.py", line 21
    generate_data = BashOperator (
    ^
IndentationError: expected an indented block
[2026-04-02T18:33:49.254+0000] {processor.py:842} WARNING - No viable dags retrieved from /opt/airflow/dags/daily_receipts_etl_dag.py
[2026-04-02T18:33:49.264+0000] {processor.py:183} INFO - Processing /opt/airflow/dags/daily_receipts_etl_dag.py took 0.019 seconds
[2026-04-02T18:34:19.601+0000] {processor.py:161} INFO - Started process (PID=20486) to work on /opt/airflow/dags/daily_receipts_etl_dag.py
[2026-04-02T18:34:19.602+0000] {processor.py:830} INFO - Processing file /opt/airflow/dags/daily_receipts_etl_dag.py for tasks to queue
[2026-04-02T18:34:19.604+0000] {logging_mixin.py:188} INFO - [2026-04-02T18:34:19.604+0000] {dagbag.py:538} INFO - Filling up the DagBag from /opt/airflow/dags/daily_receipts_etl_dag.py
[2026-04-02T18:34:19.607+0000] {logging_mixin.py:188} INFO - [2026-04-02T18:34:19.607+0000] {dagbag.py:348} ERROR - Failed to import: /opt/airflow/dags/daily_receipts_etl_dag.py
Traceback (most recent call last):
  File "/home/airflow/.local/lib/python3.8/site-packages/airflow/models/dagbag.py", line 344, in parse
    loader.exec_module(new_module)
  File "<frozen importlib._bootstrap_external>", line 839, in exec_module
  File "<frozen importlib._bootstrap_external>", line 976, in get_code
  File "<frozen importlib._bootstrap_external>", line 906, in source_to_code
  File "<frozen importlib._bootstrap>", line 219, in _call_with_frames_removed
  File "/opt/airflow/dags/daily_receipts_etl_dag.py", line 21
    generate_data = BashOperator (
    ^
IndentationError: expected an indented block
[2026-04-02T18:34:19.608+0000] {processor.py:842} WARNING - No viable dags retrieved from /opt/airflow/dags/daily_receipts_etl_dag.py
[2026-04-02T18:34:19.618+0000] {processor.py:183} INFO - Processing /opt/airflow/dags/daily_receipts_etl_dag.py took 0.021 seconds
[2026-04-02T18:34:49.949+0000] {processor.py:161} INFO - Started process (PID=20542) to work on /opt/airflow/dags/daily_receipts_etl_dag.py
[2026-04-02T18:34:49.949+0000] {processor.py:830} INFO - Processing file /opt/airflow/dags/daily_receipts_etl_dag.py for tasks to queue
[2026-04-02T18:34:49.951+0000] {logging_mixin.py:188} INFO - [2026-04-02T18:34:49.951+0000] {dagbag.py:538} INFO - Filling up the DagBag from /opt/airflow/dags/daily_receipts_etl_dag.py
[2026-04-02T18:34:49.953+0000] {logging_mixin.py:188} INFO - [2026-04-02T18:34:49.952+0000] {dagbag.py:348} ERROR - Failed to import: /opt/airflow/dags/daily_receipts_etl_dag.py
Traceback (most recent call last):
  File "/home/airflow/.local/lib/python3.8/site-packages/airflow/models/dagbag.py", line 344, in parse
    loader.exec_module(new_module)
  File "<frozen importlib._bootstrap_external>", line 839, in exec_module
  File "<frozen importlib._bootstrap_external>", line 976, in get_code
  File "<frozen importlib._bootstrap_external>", line 906, in source_to_code
  File "<frozen importlib._bootstrap>", line 219, in _call_with_frames_removed
  File "/opt/airflow/dags/daily_receipts_etl_dag.py", line 21
    generate_data = BashOperator (
    ^
IndentationError: expected an indented block
[2026-04-02T18:34:49.953+0000] {processor.py:842} WARNING - No viable dags retrieved from /opt/airflow/dags/daily_receipts_etl_dag.py
[2026-04-02T18:34:49.959+0000] {processor.py:183} INFO - Processing /opt/airflow/dags/daily_receipts_etl_dag.py took 0.012 seconds
[2026-04-02T18:34:56.412+0000] {processor.py:161} INFO - Started process (PID=20563) to work on /opt/airflow/dags/daily_receipts_etl_dag.py
[2026-04-02T18:34:56.413+0000] {processor.py:830} INFO - Processing file /opt/airflow/dags/daily_receipts_etl_dag.py for tasks to queue
[2026-04-02T18:34:56.414+0000] {logging_mixin.py:188} INFO - [2026-04-02T18:34:56.414+0000] {dagbag.py:538} INFO - Filling up the DagBag from /opt/airflow/dags/daily_receipts_etl_dag.py
[2026-04-02T18:34:56.422+0000] {processor.py:840} INFO - DAG(s) 'receipts_daily_load' retrieved from /opt/airflow/dags/daily_receipts_etl_dag.py
[2026-04-02T18:34:56.466+0000] {logging_mixin.py:188} INFO - [2026-04-02T18:34:56.466+0000] {override.py:1769} INFO - Created Permission View: can read on DAG:receipts_daily_load
[2026-04-02T18:34:56.469+0000] {logging_mixin.py:188} INFO - [2026-04-02T18:34:56.469+0000] {override.py:1769} INFO - Created Permission View: can delete on DAG:receipts_daily_load
[2026-04-02T18:34:56.472+0000] {logging_mixin.py:188} INFO - [2026-04-02T18:34:56.472+0000] {override.py:1769} INFO - Created Permission View: can edit on DAG:receipts_daily_load
[2026-04-02T18:34:56.472+0000] {logging_mixin.py:188} INFO - [2026-04-02T18:34:56.472+0000] {dag.py:3036} INFO - Sync 1 DAGs
[2026-04-02T18:34:56.476+0000] {logging_mixin.py:188} INFO - [2026-04-02T18:34:56.476+0000] {dag.py:3058} INFO - Creating ORM DAG for receipts_daily_load
[2026-04-02T18:34:56.480+0000] {logging_mixin.py:188} INFO - [2026-04-02T18:34:56.480+0000] {dag.py:3823} INFO - Setting next_dagrun for receipts_daily_load to 2026-04-01 03:00:00+00:00, run_after=2026-04-02 03:00:00+00:00
[2026-04-02T18:34:56.487+0000] {processor.py:183} INFO - Processing /opt/airflow/dags/daily_receipts_etl_dag.py took 0.078 seconds
[2026-04-02T18:35:26.801+0000] {processor.py:161} INFO - Started process (PID=20619) to work on /opt/airflow/dags/daily_receipts_etl_dag.py
[2026-04-02T18:35:26.801+0000] {processor.py:830} INFO - Processing file /opt/airflow/dags/daily_receipts_etl_dag.py for tasks to queue
[2026-04-02T18:35:26.803+0000] {logging_mixin.py:188} INFO - [2026-04-02T18:35:26.803+0000] {dagbag.py:538} INFO - Filling up the DagBag from /opt/airflow/dags/daily_receipts_etl_dag.py
[2026-04-02T18:35:26.809+0000] {processor.py:840} INFO - DAG(s) 'receipts_daily_load' retrieved from /opt/airflow/dags/daily_receipts_etl_dag.py
[2026-04-02T18:35:26.821+0000] {logging_mixin.py:188} INFO - [2026-04-02T18:35:26.821+0000] {dag.py:3036} INFO - Sync 1 DAGs
[2026-04-02T18:35:26.832+0000] {logging_mixin.py:188} INFO - [2026-04-02T18:35:26.832+0000] {dag.py:3823} INFO - Setting next_dagrun for receipts_daily_load to 2026-04-01 03:00:00+00:00, run_after=2026-04-02 03:00:00+00:00
[2026-04-02T18:35:26.839+0000] {processor.py:183} INFO - Processing /opt/airflow/dags/daily_receipts_etl_dag.py took 0.043 seconds
[2026-04-02T18:35:57.214+0000] {processor.py:161} INFO - Started process (PID=20675) to work on /opt/airflow/dags/daily_receipts_etl_dag.py
[2026-04-02T18:35:57.215+0000] {processor.py:830} INFO - Processing file /opt/airflow/dags/daily_receipts_etl_dag.py for tasks to queue
[2026-04-02T18:35:57.217+0000] {logging_mixin.py:188} INFO - [2026-04-02T18:35:57.217+0000] {dagbag.py:538} INFO - Filling up the DagBag from /opt/airflow/dags/daily_receipts_etl_dag.py
[2026-04-02T18:35:57.223+0000] {processor.py:840} INFO - DAG(s) 'receipts_daily_load' retrieved from /opt/airflow/dags/daily_receipts_etl_dag.py
[2026-04-02T18:35:57.234+0000] {logging_mixin.py:188} INFO - [2026-04-02T18:35:57.234+0000] {dag.py:3036} INFO - Sync 1 DAGs
[2026-04-02T18:35:57.245+0000] {logging_mixin.py:188} INFO - [2026-04-02T18:35:57.244+0000] {dag.py:3823} INFO - Setting next_dagrun for receipts_daily_load to 2026-04-02 03:00:00+00:00, run_after=2026-04-03 03:00:00+00:00
[2026-04-02T18:35:57.254+0000] {processor.py:183} INFO - Processing /opt/airflow/dags/daily_receipts_etl_dag.py took 0.043 seconds
[2026-04-02T18:36:27.605+0000] {processor.py:161} INFO - Started process (PID=20731) to work on /opt/airflow/dags/daily_receipts_etl_dag.py
[2026-04-02T18:36:27.606+0000] {processor.py:830} INFO - Processing file /opt/airflow/dags/daily_receipts_etl_dag.py for tasks to queue
[2026-04-02T18:36:27.607+0000] {logging_mixin.py:188} INFO - [2026-04-02T18:36:27.607+0000] {dagbag.py:538} INFO - Filling up the DagBag from /opt/airflow/dags/daily_receipts_etl_dag.py
[2026-04-02T18:36:27.613+0000] {processor.py:840} INFO - DAG(s) 'receipts_daily_load' retrieved from /opt/airflow/dags/daily_receipts_etl_dag.py
[2026-04-02T18:36:27.624+0000] {logging_mixin.py:188} INFO - [2026-04-02T18:36:27.624+0000] {dag.py:3036} INFO - Sync 1 DAGs
[2026-04-02T18:36:27.635+0000] {logging_mixin.py:188} INFO - [2026-04-02T18:36:27.635+0000] {dag.py:3823} INFO - Setting next_dagrun for receipts_daily_load to 2026-04-02 03:00:00+00:00, run_after=2026-04-03 03:00:00+00:00
[2026-04-02T18:36:27.643+0000] {processor.py:183} INFO - Processing /opt/airflow/dags/daily_receipts_etl_dag.py took 0.040 seconds
[2026-04-02T18:36:58.036+0000] {processor.py:161} INFO - Started process (PID=20786) to work on /opt/airflow/dags/daily_receipts_etl_dag.py
[2026-04-02T18:36:58.037+0000] {processor.py:830} INFO - Processing file /opt/airflow/dags/daily_receipts_etl_dag.py for tasks to queue
[2026-04-02T18:36:58.038+0000] {logging_mixin.py:188} INFO - [2026-04-02T18:36:58.038+0000] {dagbag.py:538} INFO - Filling up the DagBag from /opt/airflow/dags/daily_receipts_etl_dag.py
[2026-04-02T18:36:58.043+0000] {processor.py:840} INFO - DAG(s) 'receipts_daily_load' retrieved from /opt/airflow/dags/daily_receipts_etl_dag.py
[2026-04-02T18:36:58.054+0000] {logging_mixin.py:188} INFO - [2026-04-02T18:36:58.054+0000] {dag.py:3036} INFO - Sync 1 DAGs
[2026-04-02T18:36:58.066+0000] {logging_mixin.py:188} INFO - [2026-04-02T18:36:58.065+0000] {dag.py:3823} INFO - Setting next_dagrun for receipts_daily_load to 2026-04-02 03:00:00+00:00, run_after=2026-04-03 03:00:00+00:00
[2026-04-02T18:36:58.073+0000] {processor.py:183} INFO - Processing /opt/airflow/dags/daily_receipts_etl_dag.py took 0.039 seconds
[2026-04-02T18:37:28.385+0000] {processor.py:161} INFO - Started process (PID=20842) to work on /opt/airflow/dags/daily_receipts_etl_dag.py
[2026-04-02T18:37:28.386+0000] {processor.py:830} INFO - Processing file /opt/airflow/dags/daily_receipts_etl_dag.py for tasks to queue
[2026-04-02T18:37:28.388+0000] {logging_mixin.py:188} INFO - [2026-04-02T18:37:28.387+0000] {dagbag.py:538} INFO - Filling up the DagBag from /opt/airflow/dags/daily_receipts_etl_dag.py
[2026-04-02T18:37:28.394+0000] {processor.py:840} INFO - DAG(s) 'receipts_daily_load' retrieved from /opt/airflow/dags/daily_receipts_etl_dag.py
[2026-04-02T18:37:28.406+0000] {logging_mixin.py:188} INFO - [2026-04-02T18:37:28.406+0000] {dag.py:3036} INFO - Sync 1 DAGs
[2026-04-02T18:37:28.418+0000] {logging_mixin.py:188} INFO - [2026-04-02T18:37:28.418+0000] {dag.py:3823} INFO - Setting next_dagrun for receipts_daily_load to 2026-04-02 03:00:00+00:00, run_after=2026-04-03 03:00:00+00:00
[2026-04-02T18:37:28.426+0000] {processor.py:183} INFO - Processing /opt/airflow/dags/daily_receipts_etl_dag.py took 0.043 seconds
[2026-04-02T18:37:58.775+0000] {processor.py:161} INFO - Started process (PID=20898) to work on /opt/airflow/dags/daily_receipts_etl_dag.py
[2026-04-02T18:37:58.776+0000] {processor.py:830} INFO - Processing file /opt/airflow/dags/daily_receipts_etl_dag.py for tasks to queue
[2026-04-02T18:37:58.778+0000] {logging_mixin.py:188} INFO - [2026-04-02T18:37:58.778+0000] {dagbag.py:538} INFO - Filling up the DagBag from /opt/airflow/dags/daily_receipts_etl_dag.py
[2026-04-02T18:37:58.784+0000] {processor.py:840} INFO - DAG(s) 'receipts_daily_load' retrieved from /opt/airflow/dags/daily_receipts_etl_dag.py
[2026-04-02T18:37:58.795+0000] {logging_mixin.py:188} INFO - [2026-04-02T18:37:58.795+0000] {dag.py:3036} INFO - Sync 1 DAGs
[2026-04-02T18:37:58.807+0000] {logging_mixin.py:188} INFO - [2026-04-02T18:37:58.807+0000] {dag.py:3823} INFO - Setting next_dagrun for receipts_daily_load to 2026-04-02 03:00:00+00:00, run_after=2026-04-03 03:00:00+00:00
[2026-04-02T18:37:58.816+0000] {processor.py:183} INFO - Processing /opt/airflow/dags/daily_receipts_etl_dag.py took 0.045 seconds
[2026-04-02T18:38:29.160+0000] {processor.py:161} INFO - Started process (PID=20953) to work on /opt/airflow/dags/daily_receipts_etl_dag.py
[2026-04-02T18:38:29.161+0000] {processor.py:830} INFO - Processing file /opt/airflow/dags/daily_receipts_etl_dag.py for tasks to queue
[2026-04-02T18:38:29.163+0000] {logging_mixin.py:188} INFO - [2026-04-02T18:38:29.162+0000] {dagbag.py:538} INFO - Filling up the DagBag from /opt/airflow/dags/daily_receipts_etl_dag.py
[2026-04-02T18:38:29.168+0000] {processor.py:840} INFO - DAG(s) 'receipts_daily_load' retrieved from /opt/airflow/dags/daily_receipts_etl_dag.py
[2026-04-02T18:38:29.182+0000] {logging_mixin.py:188} INFO - [2026-04-02T18:38:29.182+0000] {dag.py:3036} INFO - Sync 1 DAGs
[2026-04-02T18:38:29.194+0000] {logging_mixin.py:188} INFO - [2026-04-02T18:38:29.194+0000] {dag.py:3823} INFO - Setting next_dagrun for receipts_daily_load to 2026-04-02 03:00:00+00:00, run_after=2026-04-03 03:00:00+00:00
[2026-04-02T18:38:29.201+0000] {processor.py:183} INFO - Processing /opt/airflow/dags/daily_receipts_etl_dag.py took 0.045 seconds
[2026-04-02T18:38:59.530+0000] {processor.py:161} INFO - Started process (PID=21009) to work on /opt/airflow/dags/daily_receipts_etl_dag.py
[2026-04-02T18:38:59.531+0000] {processor.py:830} INFO - Processing file /opt/airflow/dags/daily_receipts_etl_dag.py for tasks to queue
[2026-04-02T18:38:59.532+0000] {logging_mixin.py:188} INFO - [2026-04-02T18:38:59.532+0000] {dagbag.py:538} INFO - Filling up the DagBag from /opt/airflow/dags/daily_receipts_etl_dag.py
[2026-04-02T18:38:59.537+0000] {processor.py:840} INFO - DAG(s) 'receipts_daily_load' retrieved from /opt/airflow/dags/daily_receipts_etl_dag.py
[2026-04-02T18:38:59.549+0000] {logging_mixin.py:188} INFO - [2026-04-02T18:38:59.549+0000] {dag.py:3036} INFO - Sync 1 DAGs
[2026-04-02T18:38:59.560+0000] {logging_mixin.py:188} INFO - [2026-04-02T18:38:59.559+0000] {dag.py:3823} INFO - Setting next_dagrun for receipts_daily_load to 2026-04-02 03:00:00+00:00, run_after=2026-04-03 03:00:00+00:00
[2026-04-02T18:38:59.568+0000] {processor.py:183} INFO - Processing /opt/airflow/dags/daily_receipts_etl_dag.py took 0.041 seconds
[2026-04-02T19:09:19.697+0000] {processor.py:161} INFO - Started process (PID=21046) to work on /opt/airflow/dags/daily_receipts_etl_dag.py
[2026-04-02T19:09:19.698+0000] {processor.py:830} INFO - Processing file /opt/airflow/dags/daily_receipts_etl_dag.py for tasks to queue
[2026-04-02T19:09:19.700+0000] {logging_mixin.py:188} INFO - [2026-04-02T19:09:19.699+0000] {dagbag.py:538} INFO - Filling up the DagBag from /opt/airflow/dags/daily_receipts_etl_dag.py
[2026-04-02T19:09:19.708+0000] {processor.py:840} INFO - DAG(s) 'receipts_daily_load' retrieved from /opt/airflow/dags/daily_receipts_etl_dag.py
[2026-04-02T19:09:19.724+0000] {logging_mixin.py:188} INFO - [2026-04-02T19:09:19.724+0000] {dag.py:3036} INFO - Sync 1 DAGs
[2026-04-02T19:09:19.735+0000] {logging_mixin.py:188} INFO - [2026-04-02T19:09:19.735+0000] {dag.py:3823} INFO - Setting next_dagrun for receipts_daily_load to 2026-04-02 03:00:00+00:00, run_after=2026-04-03 03:00:00+00:00
[2026-04-02T19:09:19.744+0000] {processor.py:183} INFO - Processing /opt/airflow/dags/daily_receipts_etl_dag.py took 0.050 seconds
[2026-04-02T19:24:50.933+0000] {processor.py:161} INFO - Started process (PID=21102) to work on /opt/airflow/dags/daily_receipts_etl_dag.py
[2026-04-02T19:24:50.934+0000] {processor.py:830} INFO - Processing file /opt/airflow/dags/daily_receipts_etl_dag.py for tasks to queue
[2026-04-02T19:24:50.935+0000] {logging_mixin.py:188} INFO - [2026-04-02T19:24:50.935+0000] {dagbag.py:538} INFO - Filling up the DagBag from /opt/airflow/dags/daily_receipts_etl_dag.py
[2026-04-02T19:24:50.940+0000] {processor.py:840} INFO - DAG(s) 'receipts_daily_load' retrieved from /opt/airflow/dags/daily_receipts_etl_dag.py
[2026-04-02T19:24:50.950+0000] {logging_mixin.py:188} INFO - [2026-04-02T19:24:50.950+0000] {dag.py:3036} INFO - Sync 1 DAGs
[2026-04-02T19:24:50.959+0000] {logging_mixin.py:188} INFO - [2026-04-02T19:24:50.959+0000] {dag.py:3823} INFO - Setting next_dagrun for receipts_daily_load to 2026-04-02 03:00:00+00:00, run_after=2026-04-03 03:00:00+00:00
[2026-04-02T19:24:50.968+0000] {processor.py:183} INFO - Processing /opt/airflow/dags/daily_receipts_etl_dag.py took 0.037 seconds
[2026-04-02T19:40:22.679+0000] {processor.py:161} INFO - Started process (PID=21158) to work on /opt/airflow/dags/daily_receipts_etl_dag.py
[2026-04-02T19:40:22.679+0000] {processor.py:830} INFO - Processing file /opt/airflow/dags/daily_receipts_etl_dag.py for tasks to queue
[2026-04-02T19:40:22.681+0000] {logging_mixin.py:188} INFO - [2026-04-02T19:40:22.680+0000] {dagbag.py:538} INFO - Filling up the DagBag from /opt/airflow/dags/daily_receipts_etl_dag.py
[2026-04-02T19:40:22.686+0000] {processor.py:840} INFO - DAG(s) 'receipts_daily_load' retrieved from /opt/airflow/dags/daily_receipts_etl_dag.py
[2026-04-02T19:40:22.694+0000] {logging_mixin.py:188} INFO - [2026-04-02T19:40:22.694+0000] {dag.py:3036} INFO - Sync 1 DAGs
[2026-04-02T19:40:22.703+0000] {logging_mixin.py:188} INFO - [2026-04-02T19:40:22.703+0000] {dag.py:3823} INFO - Setting next_dagrun for receipts_daily_load to 2026-04-02 03:00:00+00:00, run_after=2026-04-03 03:00:00+00:00
[2026-04-02T19:40:22.710+0000] {processor.py:183} INFO - Processing /opt/airflow/dags/daily_receipts_etl_dag.py took 0.033 seconds
[2026-04-02T19:55:53.322+0000] {processor.py:161} INFO - Started process (PID=21214) to work on /opt/airflow/dags/daily_receipts_etl_dag.py
[2026-04-02T19:55:53.322+0000] {processor.py:830} INFO - Processing file /opt/airflow/dags/daily_receipts_etl_dag.py for tasks to queue
[2026-04-02T19:55:53.323+0000] {logging_mixin.py:188} INFO - [2026-04-02T19:55:53.323+0000] {dagbag.py:538} INFO - Filling up the DagBag from /opt/airflow/dags/daily_receipts_etl_dag.py
[2026-04-02T19:55:53.328+0000] {processor.py:840} INFO - DAG(s) 'receipts_daily_load' retrieved from /opt/airflow/dags/daily_receipts_etl_dag.py
[2026-04-02T19:55:53.339+0000] {logging_mixin.py:188} INFO - [2026-04-02T19:55:53.339+0000] {dag.py:3036} INFO - Sync 1 DAGs
[2026-04-02T19:55:53.349+0000] {logging_mixin.py:188} INFO - [2026-04-02T19:55:53.349+0000] {dag.py:3823} INFO - Setting next_dagrun for receipts_daily_load to 2026-04-02 03:00:00+00:00, run_after=2026-04-03 03:00:00+00:00
[2026-04-02T19:55:53.356+0000] {processor.py:183} INFO - Processing /opt/airflow/dags/daily_receipts_etl_dag.py took 0.037 seconds
[2026-04-02T20:11:24.859+0000] {processor.py:161} INFO - Started process (PID=21270) to work on /opt/airflow/dags/daily_receipts_etl_dag.py
[2026-04-02T20:11:24.859+0000] {processor.py:830} INFO - Processing file /opt/airflow/dags/daily_receipts_etl_dag.py for tasks to queue
[2026-04-02T20:11:24.861+0000] {logging_mixin.py:188} INFO - [2026-04-02T20:11:24.861+0000] {dagbag.py:538} INFO - Filling up the DagBag from /opt/airflow/dags/daily_receipts_etl_dag.py
[2026-04-02T20:11:24.866+0000] {processor.py:840} INFO - DAG(s) 'receipts_daily_load' retrieved from /opt/airflow/dags/daily_receipts_etl_dag.py
[2026-04-02T20:11:24.875+0000] {logging_mixin.py:188} INFO - [2026-04-02T20:11:24.875+0000] {dag.py:3036} INFO - Sync 1 DAGs
[2026-04-02T20:11:24.887+0000] {logging_mixin.py:188} INFO - [2026-04-02T20:11:24.887+0000] {dag.py:3823} INFO - Setting next_dagrun for receipts_daily_load to 2026-04-02 03:00:00+00:00, run_after=2026-04-03 03:00:00+00:00
[2026-04-02T20:11:24.895+0000] {processor.py:183} INFO - Processing /opt/airflow/dags/daily_receipts_etl_dag.py took 0.038 seconds
[2026-04-02T20:26:55.431+0000] {processor.py:161} INFO - Started process (PID=21326) to work on /opt/airflow/dags/daily_receipts_etl_dag.py
[2026-04-02T20:26:55.432+0000] {processor.py:830} INFO - Processing file /opt/airflow/dags/daily_receipts_etl_dag.py for tasks to queue
[2026-04-02T20:26:55.433+0000] {logging_mixin.py:188} INFO - [2026-04-02T20:26:55.433+0000] {dagbag.py:538} INFO - Filling up the DagBag from /opt/airflow/dags/daily_receipts_etl_dag.py
[2026-04-02T20:26:55.437+0000] {processor.py:840} INFO - DAG(s) 'receipts_daily_load' retrieved from /opt/airflow/dags/daily_receipts_etl_dag.py
[2026-04-02T20:26:55.447+0000] {logging_mixin.py:188} INFO - [2026-04-02T20:26:55.447+0000] {dag.py:3036} INFO - Sync 1 DAGs
[2026-04-02T20:26:55.458+0000] {logging_mixin.py:188} INFO - [2026-04-02T20:26:55.458+0000] {dag.py:3823} INFO - Setting next_dagrun for receipts_daily_load to 2026-04-02 03:00:00+00:00, run_after=2026-04-03 03:00:00+00:00
[2026-04-02T20:26:55.467+0000] {processor.py:183} INFO - Processing /opt/airflow/dags/daily_receipts_etl_dag.py took 0.038 seconds
[2026-04-02T20:39:45.606+0000] {processor.py:161} INFO - Started process (PID=21382) to work on /opt/airflow/dags/daily_receipts_etl_dag.py
[2026-04-02T20:39:45.607+0000] {processor.py:830} INFO - Processing file /opt/airflow/dags/daily_receipts_etl_dag.py for tasks to queue
[2026-04-02T20:39:45.608+0000] {logging_mixin.py:188} INFO - [2026-04-02T20:39:45.608+0000] {dagbag.py:538} INFO - Filling up the DagBag from /opt/airflow/dags/daily_receipts_etl_dag.py
[2026-04-02T20:39:45.613+0000] {processor.py:840} INFO - DAG(s) 'receipts_daily_load' retrieved from /opt/airflow/dags/daily_receipts_etl_dag.py
[2026-04-02T20:39:45.623+0000] {logging_mixin.py:188} INFO - [2026-04-02T20:39:45.623+0000] {dag.py:3036} INFO - Sync 1 DAGs
[2026-04-02T20:39:45.634+0000] {logging_mixin.py:188} INFO - [2026-04-02T20:39:45.634+0000] {dag.py:3823} INFO - Setting next_dagrun for receipts_daily_load to 2026-04-02 03:00:00+00:00, run_after=2026-04-03 03:00:00+00:00
[2026-04-02T20:39:45.641+0000] {processor.py:183} INFO - Processing /opt/airflow/dags/daily_receipts_etl_dag.py took 0.037 seconds
[2026-04-02T21:10:16.970+0000] {processor.py:161} INFO - Started process (PID=21438) to work on /opt/airflow/dags/daily_receipts_etl_dag.py
[2026-04-02T21:10:16.970+0000] {processor.py:830} INFO - Processing file /opt/airflow/dags/daily_receipts_etl_dag.py for tasks to queue
[2026-04-02T21:10:16.972+0000] {logging_mixin.py:188} INFO - [2026-04-02T21:10:16.971+0000] {dagbag.py:538} INFO - Filling up the DagBag from /opt/airflow/dags/daily_receipts_etl_dag.py
[2026-04-02T21:10:16.978+0000] {processor.py:840} INFO - DAG(s) 'receipts_daily_load' retrieved from /opt/airflow/dags/daily_receipts_etl_dag.py
[2026-04-02T21:10:16.988+0000] {logging_mixin.py:188} INFO - [2026-04-02T21:10:16.988+0000] {dag.py:3036} INFO - Sync 1 DAGs
[2026-04-02T21:10:17.000+0000] {logging_mixin.py:188} INFO - [2026-04-02T21:10:16.999+0000] {dag.py:3823} INFO - Setting next_dagrun for receipts_daily_load to 2026-04-02 03:00:00+00:00, run_after=2026-04-03 03:00:00+00:00
[2026-04-02T21:10:17.009+0000] {processor.py:183} INFO - Processing /opt/airflow/dags/daily_receipts_etl_dag.py took 0.041 seconds
[2026-04-02T21:25:50.715+0000] {processor.py:161} INFO - Started process (PID=21494) to work on /opt/airflow/dags/daily_receipts_etl_dag.py
[2026-04-02T21:25:50.716+0000] {processor.py:830} INFO - Processing file /opt/airflow/dags/daily_receipts_etl_dag.py for tasks to queue
[2026-04-02T21:25:50.717+0000] {logging_mixin.py:188} INFO - [2026-04-02T21:25:50.717+0000] {dagbag.py:538} INFO - Filling up the DagBag from /opt/airflow/dags/daily_receipts_etl_dag.py
[2026-04-02T21:25:50.722+0000] {processor.py:840} INFO - DAG(s) 'receipts_daily_load' retrieved from /opt/airflow/dags/daily_receipts_etl_dag.py
[2026-04-02T21:25:50.731+0000] {logging_mixin.py:188} INFO - [2026-04-02T21:25:50.731+0000] {dag.py:3036} INFO - Sync 1 DAGs
[2026-04-02T21:25:50.740+0000] {logging_mixin.py:188} INFO - [2026-04-02T21:25:50.740+0000] {dag.py:3823} INFO - Setting next_dagrun for receipts_daily_load to 2026-04-02 03:00:00+00:00, run_after=2026-04-03 03:00:00+00:00
[2026-04-02T21:25:50.748+0000] {processor.py:183} INFO - Processing /opt/airflow/dags/daily_receipts_etl_dag.py took 0.035 seconds
[2026-04-02T21:41:21.890+0000] {processor.py:161} INFO - Started process (PID=21550) to work on /opt/airflow/dags/daily_receipts_etl_dag.py
[2026-04-02T21:41:21.891+0000] {processor.py:830} INFO - Processing file /opt/airflow/dags/daily_receipts_etl_dag.py for tasks to queue
[2026-04-02T21:41:21.892+0000] {logging_mixin.py:188} INFO - [2026-04-02T21:41:21.892+0000] {dagbag.py:538} INFO - Filling up the DagBag from /opt/airflow/dags/daily_receipts_etl_dag.py
[2026-04-02T21:41:21.896+0000] {processor.py:840} INFO - DAG(s) 'receipts_daily_load' retrieved from /opt/airflow/dags/daily_receipts_etl_dag.py
[2026-04-02T21:41:21.905+0000] {logging_mixin.py:188} INFO - [2026-04-02T21:41:21.905+0000] {dag.py:3036} INFO - Sync 1 DAGs
[2026-04-02T21:41:21.917+0000] {logging_mixin.py:188} INFO - [2026-04-02T21:41:21.917+0000] {dag.py:3823} INFO - Setting next_dagrun for receipts_daily_load to 2026-04-02 03:00:00+00:00, run_after=2026-04-03 03:00:00+00:00
[2026-04-02T21:41:21.924+0000] {processor.py:183} INFO - Processing /opt/airflow/dags/daily_receipts_etl_dag.py took 0.036 seconds
[2026-04-02T21:56:53.727+0000] {processor.py:161} INFO - Started process (PID=21606) to work on /opt/airflow/dags/daily_receipts_etl_dag.py
[2026-04-02T21:56:53.728+0000] {processor.py:830} INFO - Processing file /opt/airflow/dags/daily_receipts_etl_dag.py for tasks to queue
[2026-04-02T21:56:53.729+0000] {logging_mixin.py:188} INFO - [2026-04-02T21:56:53.728+0000] {dagbag.py:538} INFO - Filling up the DagBag from /opt/airflow/dags/daily_receipts_etl_dag.py
[2026-04-02T21:56:53.733+0000] {processor.py:840} INFO - DAG(s) 'receipts_daily_load' retrieved from /opt/airflow/dags/daily_receipts_etl_dag.py
[2026-04-02T21:56:53.742+0000] {logging_mixin.py:188} INFO - [2026-04-02T21:56:53.742+0000] {dag.py:3036} INFO - Sync 1 DAGs
[2026-04-02T21:56:53.752+0000] {logging_mixin.py:188} INFO - [2026-04-02T21:56:53.752+0000] {dag.py:3823} INFO - Setting next_dagrun for receipts_daily_load to 2026-04-02 03:00:00+00:00, run_after=2026-04-03 03:00:00+00:00
[2026-04-02T21:56:53.761+0000] {processor.py:183} INFO - Processing /opt/airflow/dags/daily_receipts_etl_dag.py took 0.036 seconds
[2026-04-02T22:12:24.688+0000] {processor.py:161} INFO - Started process (PID=21662) to work on /opt/airflow/dags/daily_receipts_etl_dag.py
[2026-04-02T22:12:24.688+0000] {processor.py:830} INFO - Processing file /opt/airflow/dags/daily_receipts_etl_dag.py for tasks to queue
[2026-04-02T22:12:24.689+0000] {logging_mixin.py:188} INFO - [2026-04-02T22:12:24.689+0000] {dagbag.py:538} INFO - Filling up the DagBag from /opt/airflow/dags/daily_receipts_etl_dag.py
[2026-04-02T22:12:24.694+0000] {processor.py:840} INFO - DAG(s) 'receipts_daily_load' retrieved from /opt/airflow/dags/daily_receipts_etl_dag.py
[2026-04-02T22:12:24.705+0000] {logging_mixin.py:188} INFO - [2026-04-02T22:12:24.705+0000] {dag.py:3036} INFO - Sync 1 DAGs
[2026-04-02T22:12:24.716+0000] {logging_mixin.py:188} INFO - [2026-04-02T22:12:24.716+0000] {dag.py:3823} INFO - Setting next_dagrun for receipts_daily_load to 2026-04-02 03:00:00+00:00, run_after=2026-04-03 03:00:00+00:00
[2026-04-02T22:12:24.726+0000] {processor.py:183} INFO - Processing /opt/airflow/dags/daily_receipts_etl_dag.py took 0.040 seconds
[2026-04-02T22:27:56.359+0000] {processor.py:161} INFO - Started process (PID=21718) to work on /opt/airflow/dags/daily_receipts_etl_dag.py
[2026-04-02T22:27:56.360+0000] {processor.py:830} INFO - Processing file /opt/airflow/dags/daily_receipts_etl_dag.py for tasks to queue
[2026-04-02T22:27:56.362+0000] {logging_mixin.py:188} INFO - [2026-04-02T22:27:56.361+0000] {dagbag.py:538} INFO - Filling up the DagBag from /opt/airflow/dags/daily_receipts_etl_dag.py
[2026-04-02T22:27:56.368+0000] {processor.py:840} INFO - DAG(s) 'receipts_daily_load' retrieved from /opt/airflow/dags/daily_receipts_etl_dag.py
[2026-04-02T22:27:56.376+0000] {logging_mixin.py:188} INFO - [2026-04-02T22:27:56.376+0000] {dag.py:3036} INFO - Sync 1 DAGs
[2026-04-02T22:27:56.384+0000] {logging_mixin.py:188} INFO - [2026-04-02T22:27:56.384+0000] {dag.py:3823} INFO - Setting next_dagrun for receipts_daily_load to 2026-04-02 03:00:00+00:00, run_after=2026-04-03 03:00:00+00:00
[2026-04-02T22:27:56.392+0000] {processor.py:183} INFO - Processing /opt/airflow/dags/daily_receipts_etl_dag.py took 0.035 seconds
[2026-04-02T22:58:28.391+0000] {processor.py:161} INFO - Started process (PID=21774) to work on /opt/airflow/dags/daily_receipts_etl_dag.py
[2026-04-02T22:58:28.391+0000] {processor.py:830} INFO - Processing file /opt/airflow/dags/daily_receipts_etl_dag.py for tasks to queue
[2026-04-02T22:58:28.392+0000] {logging_mixin.py:188} INFO - [2026-04-02T22:58:28.392+0000] {dagbag.py:538} INFO - Filling up the DagBag from /opt/airflow/dags/daily_receipts_etl_dag.py
[2026-04-02T22:58:28.397+0000] {processor.py:840} INFO - DAG(s) 'receipts_daily_load' retrieved from /opt/airflow/dags/daily_receipts_etl_dag.py
[2026-04-02T22:58:28.407+0000] {logging_mixin.py:188} INFO - [2026-04-02T22:58:28.407+0000] {dag.py:3036} INFO - Sync 1 DAGs
[2026-04-02T22:58:28.416+0000] {logging_mixin.py:188} INFO - [2026-04-02T22:58:28.416+0000] {dag.py:3823} INFO - Setting next_dagrun for receipts_daily_load to 2026-04-02 03:00:00+00:00, run_after=2026-04-03 03:00:00+00:00
[2026-04-02T22:58:28.423+0000] {processor.py:183} INFO - Processing /opt/airflow/dags/daily_receipts_etl_dag.py took 0.035 seconds
[2026-04-02T23:13:59.919+0000] {processor.py:161} INFO - Started process (PID=21830) to work on /opt/airflow/dags/daily_receipts_etl_dag.py
[2026-04-02T23:13:59.920+0000] {processor.py:830} INFO - Processing file /opt/airflow/dags/daily_receipts_etl_dag.py for tasks to queue
[2026-04-02T23:13:59.921+0000] {logging_mixin.py:188} INFO - [2026-04-02T23:13:59.921+0000] {dagbag.py:538} INFO - Filling up the DagBag from /opt/airflow/dags/daily_receipts_etl_dag.py
[2026-04-02T23:13:59.927+0000] {processor.py:840} INFO - DAG(s) 'receipts_daily_load' retrieved from /opt/airflow/dags/daily_receipts_etl_dag.py
[2026-04-02T23:13:59.936+0000] {logging_mixin.py:188} INFO - [2026-04-02T23:13:59.936+0000] {dag.py:3036} INFO - Sync 1 DAGs
[2026-04-02T23:13:59.946+0000] {logging_mixin.py:188} INFO - [2026-04-02T23:13:59.945+0000] {dag.py:3823} INFO - Setting next_dagrun for receipts_daily_load to 2026-04-02 03:00:00+00:00, run_after=2026-04-03 03:00:00+00:00
[2026-04-02T23:13:59.954+0000] {processor.py:183} INFO - Processing /opt/airflow/dags/daily_receipts_etl_dag.py took 0.036 seconds
[2026-04-02T23:33:03.746+0000] {processor.py:161} INFO - Started process (PID=21886) to work on /opt/airflow/dags/daily_receipts_etl_dag.py
[2026-04-02T23:33:03.747+0000] {processor.py:830} INFO - Processing file /opt/airflow/dags/daily_receipts_etl_dag.py for tasks to queue
[2026-04-02T23:33:03.748+0000] {logging_mixin.py:188} INFO - [2026-04-02T23:33:03.748+0000] {dagbag.py:538} INFO - Filling up the DagBag from /opt/airflow/dags/daily_receipts_etl_dag.py
[2026-04-02T23:33:03.753+0000] {processor.py:840} INFO - DAG(s) 'receipts_daily_load' retrieved from /opt/airflow/dags/daily_receipts_etl_dag.py
[2026-04-02T23:33:03.762+0000] {logging_mixin.py:188} INFO - [2026-04-02T23:33:03.762+0000] {dag.py:3036} INFO - Sync 1 DAGs
[2026-04-02T23:33:03.772+0000] {logging_mixin.py:188} INFO - [2026-04-02T23:33:03.772+0000] {dag.py:3823} INFO - Setting next_dagrun for receipts_daily_load to 2026-04-02 03:00:00+00:00, run_after=2026-04-03 03:00:00+00:00
[2026-04-02T23:33:03.780+0000] {processor.py:183} INFO - Processing /opt/airflow/dags/daily_receipts_etl_dag.py took 0.036 seconds
[2026-04-02T23:48:34.505+0000] {processor.py:161} INFO - Started process (PID=21943) to work on /opt/airflow/dags/daily_receipts_etl_dag.py
[2026-04-02T23:48:34.505+0000] {processor.py:830} INFO - Processing file /opt/airflow/dags/daily_receipts_etl_dag.py for tasks to queue
[2026-04-02T23:48:34.507+0000] {logging_mixin.py:188} INFO - [2026-04-02T23:48:34.506+0000] {dagbag.py:538} INFO - Filling up the DagBag from /opt/airflow/dags/daily_receipts_etl_dag.py
[2026-04-02T23:48:34.511+0000] {processor.py:840} INFO - DAG(s) 'receipts_daily_load' retrieved from /opt/airflow/dags/daily_receipts_etl_dag.py
[2026-04-02T23:48:34.520+0000] {logging_mixin.py:188} INFO - [2026-04-02T23:48:34.520+0000] {dag.py:3036} INFO - Sync 1 DAGs
[2026-04-02T23:48:34.531+0000] {logging_mixin.py:188} INFO - [2026-04-02T23:48:34.531+0000] {dag.py:3823} INFO - Setting next_dagrun for receipts_daily_load to 2026-04-02 03:00:00+00:00, run_after=2026-04-03 03:00:00+00:00
[2026-04-02T23:48:34.538+0000] {processor.py:183} INFO - Processing /opt/airflow/dags/daily_receipts_etl_dag.py took 0.035 seconds
