[2026-04-07T08:44:23.924+0000] {taskinstance.py:1956} INFO - Dependencies all met for dep_context=non-requeueable deps ti=<TaskInstance: receipts_daily_load.update_data_for_analytics scheduled__2026-04-06T03:00:00+00:00 [queued]>
[2026-04-07T08:44:23.926+0000] {taskinstance.py:1956} INFO - Dependencies all met for dep_context=requeueable deps ti=<TaskInstance: receipts_daily_load.update_data_for_analytics scheduled__2026-04-06T03:00:00+00:00 [queued]>
[2026-04-07T08:44:23.926+0000] {taskinstance.py:2170} INFO - Starting attempt 6 of 7
[2026-04-07T08:44:23.930+0000] {taskinstance.py:2191} INFO - Executing <Task(BashOperator): update_data_for_analytics> on 2026-04-06 03:00:00+00:00
[2026-04-07T08:44:23.933+0000] {standard_task_runner.py:60} INFO - Started process 20028 to run task
[2026-04-07T08:44:23.934+0000] {standard_task_runner.py:87} INFO - Running: ['***', 'tasks', 'run', 'receipts_daily_load', 'update_data_for_analytics', 'scheduled__2026-04-06T03:00:00+00:00', '--job-id', '123', '--raw', '--subdir', 'DAGS_FOLDER/daily_receipts_etl_dag.py', '--cfg-path', '/tmp/tmp08bo45gq']
[2026-04-07T08:44:23.935+0000] {standard_task_runner.py:88} INFO - Job 123: Subtask update_data_for_analytics
[2026-04-07T08:44:23.954+0000] {task_command.py:423} INFO - Running <TaskInstance: receipts_daily_load.update_data_for_analytics scheduled__2026-04-06T03:00:00+00:00 [running]> on host 192837d06b43
[2026-04-07T08:44:23.977+0000] {taskinstance.py:2480} INFO - Exporting env vars: AIRFLOW_CTX_DAG_OWNER='data_engineer' AIRFLOW_CTX_DAG_ID='receipts_daily_load' AIRFLOW_CTX_TASK_ID='update_data_for_analytics' AIRFLOW_CTX_EXECUTION_DATE='2026-04-06T03:00:00+00:00' AIRFLOW_CTX_TRY_NUMBER='6' AIRFLOW_CTX_DAG_RUN_ID='scheduled__2026-04-06T03:00:00+00:00'
[2026-04-07T08:44:23.978+0000] {subprocess.py:63} INFO - Tmp dir root location: /tmp
[2026-04-07T08:44:23.978+0000] {subprocess.py:75} INFO - Running command: ['/usr/bin/bash', '-c', 'python /opt/***/dags/load_data_for_analytics.py 2026-04-06']
[2026-04-07T08:44:23.982+0000] {subprocess.py:86} INFO - Output:
[2026-04-07T08:44:24.028+0000] {subprocess.py:93} INFO - Ой! Ошибка!
[2026-04-07T08:44:24.029+0000] {subprocess.py:93} INFO - Ошибка ClickHouse: Code: 60. DB::Exception: Could not find table: receipts. (UNKNOWN_TABLE) (version 26.3.3.20 (official build))
[2026-04-07T08:44:24.029+0000] {subprocess.py:93} INFO - 
[2026-04-07T08:44:24.034+0000] {subprocess.py:97} INFO - Command exited with return code 1
[2026-04-07T08:44:24.039+0000] {taskinstance.py:2698} ERROR - Task failed with exception
Traceback (most recent call last):
  File "/home/airflow/.local/lib/python3.8/site-packages/airflow/models/taskinstance.py", line 433, in _execute_task
    result = execute_callable(context=context, **execute_callable_kwargs)
  File "/home/airflow/.local/lib/python3.8/site-packages/airflow/operators/bash.py", line 212, in execute
    raise AirflowException(
airflow.exceptions.AirflowException: Bash command failed. The command returned a non-zero exit code 1.
[2026-04-07T08:44:24.040+0000] {taskinstance.py:1138} INFO - Marking task as UP_FOR_RETRY. dag_id=receipts_daily_load, task_id=update_data_for_analytics, execution_date=20260406T030000, start_date=20260407T084423, end_date=20260407T084424
[2026-04-07T08:44:24.044+0000] {standard_task_runner.py:107} ERROR - Failed to execute job 123 for task update_data_for_analytics (Bash command failed. The command returned a non-zero exit code 1.; 20028)
[2026-04-07T08:44:24.074+0000] {local_task_job_runner.py:234} INFO - Task exited with return code 1
[2026-04-07T08:44:24.082+0000] {taskinstance.py:3280} INFO - 0 downstream tasks scheduled from follow-on schedule check
