[2026-04-07T07:21:06.593+0000] {taskinstance.py:1956} INFO - Dependencies all met for dep_context=non-requeueable deps ti=<TaskInstance: receipts_daily_load.load_data_to_clickhouse scheduled__2026-04-06T03:00:00+00:00 [queued]>
[2026-04-07T07:21:06.595+0000] {taskinstance.py:1956} INFO - Dependencies all met for dep_context=requeueable deps ti=<TaskInstance: receipts_daily_load.load_data_to_clickhouse scheduled__2026-04-06T03:00:00+00:00 [queued]>
[2026-04-07T07:21:06.595+0000] {taskinstance.py:2170} INFO - Starting attempt 2 of 3
[2026-04-07T07:21:06.599+0000] {taskinstance.py:2191} INFO - Executing <Task(BashOperator): load_data_to_clickhouse> on 2026-04-06 03:00:00+00:00
[2026-04-07T07:21:06.602+0000] {standard_task_runner.py:60} INFO - Started process 18457 to run task
[2026-04-07T07:21:06.603+0000] {standard_task_runner.py:87} INFO - Running: ['***', 'tasks', 'run', 'receipts_daily_load', 'load_data_to_clickhouse', 'scheduled__2026-04-06T03:00:00+00:00', '--job-id', '60', '--raw', '--subdir', 'DAGS_FOLDER/daily_receipts_etl_dag.py', '--cfg-path', '/tmp/tmpl4r5r9ye']
[2026-04-07T07:21:06.605+0000] {standard_task_runner.py:88} INFO - Job 60: Subtask load_data_to_clickhouse
[2026-04-07T07:21:06.623+0000] {task_command.py:423} INFO - Running <TaskInstance: receipts_daily_load.load_data_to_clickhouse scheduled__2026-04-06T03:00:00+00:00 [running]> on host 192837d06b43
[2026-04-07T07:21:06.647+0000] {taskinstance.py:2480} INFO - Exporting env vars: AIRFLOW_CTX_DAG_OWNER='data_engineer' AIRFLOW_CTX_DAG_ID='receipts_daily_load' AIRFLOW_CTX_TASK_ID='load_data_to_clickhouse' AIRFLOW_CTX_EXECUTION_DATE='2026-04-06T03:00:00+00:00' AIRFLOW_CTX_TRY_NUMBER='2' AIRFLOW_CTX_DAG_RUN_ID='scheduled__2026-04-06T03:00:00+00:00'
[2026-04-07T07:21:06.647+0000] {subprocess.py:63} INFO - Tmp dir root location: /tmp
[2026-04-07T07:21:06.648+0000] {subprocess.py:75} INFO - Running command: ['/usr/bin/bash', '-c', 'python /opt/***/dags/load_data_to_clickhouse.py 2026-04-06']
[2026-04-07T07:21:06.652+0000] {subprocess.py:86} INFO - Output:
[2026-04-07T07:21:06.699+0000] {subprocess.py:93} INFO - Ой! Ошибка!
[2026-04-07T07:21:06.699+0000] {subprocess.py:93} INFO - Ошибка ClickHouse: Code: 81. DB::Exception: Database raw_data does not exist. (UNKNOWN_DATABASE) (version 26.3.3.20 (official build))
[2026-04-07T07:21:06.699+0000] {subprocess.py:93} INFO - 
[2026-04-07T07:21:06.704+0000] {subprocess.py:97} INFO - Command exited with return code 1
[2026-04-07T07:21:06.709+0000] {taskinstance.py:2698} ERROR - Task failed with exception
Traceback (most recent call last):
  File "/home/airflow/.local/lib/python3.8/site-packages/airflow/models/taskinstance.py", line 433, in _execute_task
    result = execute_callable(context=context, **execute_callable_kwargs)
  File "/home/airflow/.local/lib/python3.8/site-packages/airflow/operators/bash.py", line 212, in execute
    raise AirflowException(
airflow.exceptions.AirflowException: Bash command failed. The command returned a non-zero exit code 1.
[2026-04-07T07:21:06.710+0000] {taskinstance.py:1138} INFO - Marking task as UP_FOR_RETRY. dag_id=receipts_daily_load, task_id=load_data_to_clickhouse, execution_date=20260406T030000, start_date=20260407T072106, end_date=20260407T072106
[2026-04-07T07:21:06.715+0000] {standard_task_runner.py:107} ERROR - Failed to execute job 60 for task load_data_to_clickhouse (Bash command failed. The command returned a non-zero exit code 1.; 18457)
[2026-04-07T07:21:06.741+0000] {local_task_job_runner.py:234} INFO - Task exited with return code 1
[2026-04-07T07:21:06.750+0000] {taskinstance.py:3280} INFO - 0 downstream tasks scheduled from follow-on schedule check
