[2026-04-07T08:44:08.217+0000] {taskinstance.py:1956} INFO - Dependencies all met for dep_context=non-requeueable deps ti=<TaskInstance: receipts_daily_load.update_data_for_analytics scheduled__2026-04-03T03:00:00+00:00 [queued]>
[2026-04-07T08:44:08.220+0000] {taskinstance.py:1956} INFO - Dependencies all met for dep_context=requeueable deps ti=<TaskInstance: receipts_daily_load.update_data_for_analytics scheduled__2026-04-03T03:00:00+00:00 [queued]>
[2026-04-07T08:44:08.220+0000] {taskinstance.py:2170} INFO - Starting attempt 11 of 12
[2026-04-07T08:44:08.224+0000] {taskinstance.py:2191} INFO - Executing <Task(BashOperator): update_data_for_analytics> on 2026-04-03 03:00:00+00:00
[2026-04-07T08:44:08.226+0000] {standard_task_runner.py:60} INFO - Started process 19981 to run task
[2026-04-07T08:44:08.228+0000] {standard_task_runner.py:87} INFO - Running: ['***', 'tasks', 'run', 'receipts_daily_load', 'update_data_for_analytics', 'scheduled__2026-04-03T03:00:00+00:00', '--job-id', '114', '--raw', '--subdir', 'DAGS_FOLDER/daily_receipts_etl_dag.py', '--cfg-path', '/tmp/tmpzr2tw503']
[2026-04-07T08:44:08.229+0000] {standard_task_runner.py:88} INFO - Job 114: Subtask update_data_for_analytics
[2026-04-07T08:44:08.248+0000] {task_command.py:423} INFO - Running <TaskInstance: receipts_daily_load.update_data_for_analytics scheduled__2026-04-03T03:00:00+00:00 [running]> on host 192837d06b43
[2026-04-07T08:44:08.272+0000] {taskinstance.py:2480} INFO - Exporting env vars: AIRFLOW_CTX_DAG_OWNER='data_engineer' AIRFLOW_CTX_DAG_ID='receipts_daily_load' AIRFLOW_CTX_TASK_ID='update_data_for_analytics' AIRFLOW_CTX_EXECUTION_DATE='2026-04-03T03:00:00+00:00' AIRFLOW_CTX_TRY_NUMBER='11' AIRFLOW_CTX_DAG_RUN_ID='scheduled__2026-04-03T03:00:00+00:00'
[2026-04-07T08:44:08.273+0000] {subprocess.py:63} INFO - Tmp dir root location: /tmp
[2026-04-07T08:44:08.274+0000] {subprocess.py:75} INFO - Running command: ['/usr/bin/bash', '-c', 'python /opt/***/dags/load_data_for_analytics.py 2026-04-03']
[2026-04-07T08:44:08.278+0000] {subprocess.py:86} INFO - Output:
[2026-04-07T08:44:08.326+0000] {subprocess.py:93} INFO - Ой! Ошибка!
[2026-04-07T08:44:08.326+0000] {subprocess.py:93} INFO - Ошибка ClickHouse: Code: 60. DB::Exception: Could not find table: receipts. (UNKNOWN_TABLE) (version 26.3.3.20 (official build))
[2026-04-07T08:44:08.326+0000] {subprocess.py:93} INFO - 
[2026-04-07T08:44:08.331+0000] {subprocess.py:97} INFO - Command exited with return code 1
[2026-04-07T08:44:08.336+0000] {taskinstance.py:2698} ERROR - Task failed with exception
Traceback (most recent call last):
  File "/home/airflow/.local/lib/python3.8/site-packages/airflow/models/taskinstance.py", line 433, in _execute_task
    result = execute_callable(context=context, **execute_callable_kwargs)
  File "/home/airflow/.local/lib/python3.8/site-packages/airflow/operators/bash.py", line 212, in execute
    raise AirflowException(
airflow.exceptions.AirflowException: Bash command failed. The command returned a non-zero exit code 1.
[2026-04-07T08:44:08.337+0000] {taskinstance.py:1138} INFO - Marking task as UP_FOR_RETRY. dag_id=receipts_daily_load, task_id=update_data_for_analytics, execution_date=20260403T030000, start_date=20260407T084408, end_date=20260407T084408
[2026-04-07T08:44:08.342+0000] {standard_task_runner.py:107} ERROR - Failed to execute job 114 for task update_data_for_analytics (Bash command failed. The command returned a non-zero exit code 1.; 19981)
[2026-04-07T08:44:08.364+0000] {local_task_job_runner.py:234} INFO - Task exited with return code 1
[2026-04-07T08:44:08.372+0000] {taskinstance.py:3280} INFO - 0 downstream tasks scheduled from follow-on schedule check
