[2026-04-07T08:49:51.772+0000] {taskinstance.py:1956} INFO - Dependencies all met for dep_context=non-requeueable deps ti=<TaskInstance: receipts_daily_load.update_data_for_analytics scheduled__2026-04-05T03:00:00+00:00 [queued]>
[2026-04-07T08:49:51.775+0000] {taskinstance.py:1956} INFO - Dependencies all met for dep_context=requeueable deps ti=<TaskInstance: receipts_daily_load.update_data_for_analytics scheduled__2026-04-05T03:00:00+00:00 [queued]>
[2026-04-07T08:49:51.775+0000] {taskinstance.py:2170} INFO - Starting attempt 10 of 11
[2026-04-07T08:49:51.779+0000] {taskinstance.py:2191} INFO - Executing <Task(BashOperator): update_data_for_analytics> on 2026-04-05 03:00:00+00:00
[2026-04-07T08:49:51.782+0000] {standard_task_runner.py:60} INFO - Started process 20163 to run task
[2026-04-07T08:49:51.783+0000] {standard_task_runner.py:87} INFO - Running: ['***', 'tasks', 'run', 'receipts_daily_load', 'update_data_for_analytics', 'scheduled__2026-04-05T03:00:00+00:00', '--job-id', '136', '--raw', '--subdir', 'DAGS_FOLDER/daily_receipts_etl_dag.py', '--cfg-path', '/tmp/tmp7tkbbt7a']
[2026-04-07T08:49:51.785+0000] {standard_task_runner.py:88} INFO - Job 136: Subtask update_data_for_analytics
[2026-04-07T08:49:51.803+0000] {task_command.py:423} INFO - Running <TaskInstance: receipts_daily_load.update_data_for_analytics scheduled__2026-04-05T03:00:00+00:00 [running]> on host 192837d06b43
[2026-04-07T08:49:51.830+0000] {taskinstance.py:2480} INFO - Exporting env vars: AIRFLOW_CTX_DAG_OWNER='data_engineer' AIRFLOW_CTX_DAG_ID='receipts_daily_load' AIRFLOW_CTX_TASK_ID='update_data_for_analytics' AIRFLOW_CTX_EXECUTION_DATE='2026-04-05T03:00:00+00:00' AIRFLOW_CTX_TRY_NUMBER='10' AIRFLOW_CTX_DAG_RUN_ID='scheduled__2026-04-05T03:00:00+00:00'
[2026-04-07T08:49:51.831+0000] {subprocess.py:63} INFO - Tmp dir root location: /tmp
[2026-04-07T08:49:51.832+0000] {subprocess.py:75} INFO - Running command: ['/usr/bin/bash', '-c', 'python /opt/***/dags/load_data_for_analytics.py 2026-04-05']
[2026-04-07T08:49:51.836+0000] {subprocess.py:86} INFO - Output:
[2026-04-07T08:49:51.886+0000] {subprocess.py:93} INFO - Ой! Ошибка!
[2026-04-07T08:49:51.886+0000] {subprocess.py:93} INFO - Ошибка ClickHouse: Code: 47. DB::Exception: Missing columns: 'receipt_time' while processing: 'isZeroOrNull(toDate(receipt_time) = '2026-04-05'), _block_number, _distance, _part_data_version, _part_granule_offset, _disk_name, _sample_factor, avg_receipt, _partition_id, _block_offset, report_date, _part_uuid, _part_index, _part, _part_starting_offset, total_revenue, total_receipts, _part_offset, total_discount', required columns: '_block_number' '_part_data_version' '_distance' 'receipt_time' '_part_granule_offset' 'report_date' '_block_offset' '_part_uuid' 'avg_receipt' '_partition_id' '_sample_factor' '_disk_name' '_part_index' '_part' '_part_starting_offset' '_part_offset' 'total_discount' 'total_revenue' 'total_receipts', maybe you meant: 'report_date', 'avg_receipt', 'total_discount', 'total_revenue' or 'total_receipts'. (UNKNOWN_IDENTIFIER) (version 26.3.3.20 (official build))
[2026-04-07T08:49:51.886+0000] {subprocess.py:93} INFO - 
[2026-04-07T08:49:51.891+0000] {subprocess.py:97} INFO - Command exited with return code 1
[2026-04-07T08:49:51.896+0000] {taskinstance.py:2698} ERROR - Task failed with exception
Traceback (most recent call last):
  File "/home/airflow/.local/lib/python3.8/site-packages/airflow/models/taskinstance.py", line 433, in _execute_task
    result = execute_callable(context=context, **execute_callable_kwargs)
  File "/home/airflow/.local/lib/python3.8/site-packages/airflow/operators/bash.py", line 212, in execute
    raise AirflowException(
airflow.exceptions.AirflowException: Bash command failed. The command returned a non-zero exit code 1.
[2026-04-07T08:49:51.898+0000] {taskinstance.py:1138} INFO - Marking task as UP_FOR_RETRY. dag_id=receipts_daily_load, task_id=update_data_for_analytics, execution_date=20260405T030000, start_date=20260407T084951, end_date=20260407T084951
[2026-04-07T08:49:51.902+0000] {standard_task_runner.py:107} ERROR - Failed to execute job 136 for task update_data_for_analytics (Bash command failed. The command returned a non-zero exit code 1.; 20163)
[2026-04-07T08:49:51.922+0000] {local_task_job_runner.py:234} INFO - Task exited with return code 1
[2026-04-07T08:49:51.931+0000] {taskinstance.py:3280} INFO - 0 downstream tasks scheduled from follow-on schedule check
