[2026-04-07T07:54:50.106+0000] {taskinstance.py:1956} INFO - Dependencies all met for dep_context=non-requeueable deps ti=<TaskInstance: receipts_daily_load.load_data_to_clickhouse scheduled__2026-04-04T03:00:00+00:00 [queued]>
[2026-04-07T07:54:50.108+0000] {taskinstance.py:1956} INFO - Dependencies all met for dep_context=requeueable deps ti=<TaskInstance: receipts_daily_load.load_data_to_clickhouse scheduled__2026-04-04T03:00:00+00:00 [queued]>
[2026-04-07T07:54:50.108+0000] {taskinstance.py:2170} INFO - Starting attempt 8 of 9
[2026-04-07T07:54:50.112+0000] {taskinstance.py:2191} INFO - Executing <Task(BashOperator): load_data_to_clickhouse> on 2026-04-04 03:00:00+00:00
[2026-04-07T07:54:50.114+0000] {standard_task_runner.py:60} INFO - Started process 19052 to run task
[2026-04-07T07:54:50.116+0000] {standard_task_runner.py:87} INFO - Running: ['***', 'tasks', 'run', 'receipts_daily_load', 'load_data_to_clickhouse', 'scheduled__2026-04-04T03:00:00+00:00', '--job-id', '77', '--raw', '--subdir', 'DAGS_FOLDER/daily_receipts_etl_dag.py', '--cfg-path', '/tmp/tmp02fhxyul']
[2026-04-07T07:54:50.117+0000] {standard_task_runner.py:88} INFO - Job 77: Subtask load_data_to_clickhouse
[2026-04-07T07:54:50.135+0000] {task_command.py:423} INFO - Running <TaskInstance: receipts_daily_load.load_data_to_clickhouse scheduled__2026-04-04T03:00:00+00:00 [running]> on host 192837d06b43
[2026-04-07T07:54:50.159+0000] {taskinstance.py:2480} INFO - Exporting env vars: AIRFLOW_CTX_DAG_OWNER='data_engineer' AIRFLOW_CTX_DAG_ID='receipts_daily_load' AIRFLOW_CTX_TASK_ID='load_data_to_clickhouse' AIRFLOW_CTX_EXECUTION_DATE='2026-04-04T03:00:00+00:00' AIRFLOW_CTX_TRY_NUMBER='8' AIRFLOW_CTX_DAG_RUN_ID='scheduled__2026-04-04T03:00:00+00:00'
[2026-04-07T07:54:50.160+0000] {subprocess.py:63} INFO - Tmp dir root location: /tmp
[2026-04-07T07:54:50.160+0000] {subprocess.py:75} INFO - Running command: ['/usr/bin/bash', '-c', 'python /opt/***/dags/load_data_to_clickhouse.py 2026-04-04']
[2026-04-07T07:54:50.164+0000] {subprocess.py:86} INFO - Output:
[2026-04-07T07:54:50.230+0000] {subprocess.py:93} INFO - Чеки, в количестве
[2026-04-07T07:54:50.231+0000] {subprocess.py:93} INFO -         INSERT INTO raw_data.receipts
[2026-04-07T07:54:50.231+0000] {subprocess.py:93} INFO -         SELECT * FROM postgres_dwh.receipts
[2026-04-07T07:54:50.231+0000] {subprocess.py:93} INFO -         WHERE toDate(receipt_time) = '2026-04-04'
[2026-04-07T07:54:50.231+0000] {subprocess.py:93} INFO -      за 2026-04-04 успешно загружены в ClickHouse
[2026-04-07T07:54:50.236+0000] {subprocess.py:97} INFO - Command exited with return code 0
[2026-04-07T07:54:50.246+0000] {taskinstance.py:1138} INFO - Marking task as SUCCESS. dag_id=receipts_daily_load, task_id=load_data_to_clickhouse, execution_date=20260404T030000, start_date=20260407T075450, end_date=20260407T075450
[2026-04-07T07:54:50.254+0000] {local_task_job_runner.py:234} INFO - Task exited with return code 0
[2026-04-07T07:54:50.263+0000] {taskinstance.py:3280} INFO - 1 downstream tasks scheduled from follow-on schedule check
