[2026-04-07T07:20:57.563+0000] {taskinstance.py:1956} INFO - Dependencies all met for dep_context=non-requeueable deps ti=<TaskInstance: receipts_daily_load.load_data_to_clickhouse scheduled__2026-04-04T03:00:00+00:00 [queued]>
[2026-04-07T07:20:57.567+0000] {taskinstance.py:1956} INFO - Dependencies all met for dep_context=requeueable deps ti=<TaskInstance: receipts_daily_load.load_data_to_clickhouse scheduled__2026-04-04T03:00:00+00:00 [queued]>
[2026-04-07T07:20:57.568+0000] {taskinstance.py:2170} INFO - Starting attempt 5 of 6
[2026-04-07T07:20:57.573+0000] {taskinstance.py:2191} INFO - Executing <Task(BashOperator): load_data_to_clickhouse> on 2026-04-04 03:00:00+00:00
[2026-04-07T07:20:57.577+0000] {standard_task_runner.py:60} INFO - Started process 18439 to run task
[2026-04-07T07:20:57.580+0000] {standard_task_runner.py:87} INFO - Running: ['***', 'tasks', 'run', 'receipts_daily_load', 'load_data_to_clickhouse', 'scheduled__2026-04-04T03:00:00+00:00', '--job-id', '56', '--raw', '--subdir', 'DAGS_FOLDER/daily_receipts_etl_dag.py', '--cfg-path', '/tmp/tmpzyvzr76q']
[2026-04-07T07:20:57.582+0000] {standard_task_runner.py:88} INFO - Job 56: Subtask load_data_to_clickhouse
[2026-04-07T07:20:57.605+0000] {task_command.py:423} INFO - Running <TaskInstance: receipts_daily_load.load_data_to_clickhouse scheduled__2026-04-04T03:00:00+00:00 [running]> on host 192837d06b43
[2026-04-07T07:20:57.633+0000] {taskinstance.py:2480} INFO - Exporting env vars: AIRFLOW_CTX_DAG_OWNER='data_engineer' AIRFLOW_CTX_DAG_ID='receipts_daily_load' AIRFLOW_CTX_TASK_ID='load_data_to_clickhouse' AIRFLOW_CTX_EXECUTION_DATE='2026-04-04T03:00:00+00:00' AIRFLOW_CTX_TRY_NUMBER='5' AIRFLOW_CTX_DAG_RUN_ID='scheduled__2026-04-04T03:00:00+00:00'
[2026-04-07T07:20:57.634+0000] {subprocess.py:63} INFO - Tmp dir root location: /tmp
[2026-04-07T07:20:57.634+0000] {subprocess.py:75} INFO - Running command: ['/usr/bin/bash', '-c', 'python /opt/***/dags/load_data_to_clickhouse.py 2026-04-04']
[2026-04-07T07:20:57.638+0000] {subprocess.py:86} INFO - Output:
[2026-04-07T07:20:57.687+0000] {subprocess.py:93} INFO - Ой! Ошибка!
[2026-04-07T07:20:57.687+0000] {subprocess.py:93} INFO - Ошибка ClickHouse: Code: 81. DB::Exception: Database raw_data does not exist. (UNKNOWN_DATABASE) (version 26.3.3.20 (official build))
[2026-04-07T07:20:57.688+0000] {subprocess.py:93} INFO - 
[2026-04-07T07:20:57.692+0000] {subprocess.py:97} INFO - Command exited with return code 1
[2026-04-07T07:20:57.697+0000] {taskinstance.py:2698} ERROR - Task failed with exception
Traceback (most recent call last):
  File "/home/airflow/.local/lib/python3.8/site-packages/airflow/models/taskinstance.py", line 433, in _execute_task
    result = execute_callable(context=context, **execute_callable_kwargs)
  File "/home/airflow/.local/lib/python3.8/site-packages/airflow/operators/bash.py", line 212, in execute
    raise AirflowException(
airflow.exceptions.AirflowException: Bash command failed. The command returned a non-zero exit code 1.
[2026-04-07T07:20:57.698+0000] {taskinstance.py:1138} INFO - Marking task as UP_FOR_RETRY. dag_id=receipts_daily_load, task_id=load_data_to_clickhouse, execution_date=20260404T030000, start_date=20260407T072057, end_date=20260407T072057
[2026-04-07T07:20:57.703+0000] {standard_task_runner.py:107} ERROR - Failed to execute job 56 for task load_data_to_clickhouse (Bash command failed. The command returned a non-zero exit code 1.; 18439)
[2026-04-07T07:20:57.717+0000] {local_task_job_runner.py:234} INFO - Task exited with return code 1
[2026-04-07T07:20:57.727+0000] {taskinstance.py:3280} INFO - 0 downstream tasks scheduled from follow-on schedule check
